<?xml version="1.0" encoding="UTF-8"?>
<testsuite xmlns:xsi="http://www.w3.org/2001/XMLSchema-instance" xsi:noNamespaceSchemaLocation="https://maven.apache.org/surefire/maven-surefire-plugin/xsd/surefire-test-report-3.0.xsd" version="3.0" name="com.example.orderservice.OrderServiceApplicationTests" time="7.95" tests="1" errors="0" skipped="0" failures="0">
  <properties>
    <property name="java.specification.version" value="19"/>
    <property name="sun.cpu.isalist" value="amd64"/>
    <property name="sun.jnu.encoding" value="Cp1251"/>
    <property name="java.class.path" value="C:\Users\Asus\IdeaProjects\ticket-ordering\order-service\target\test-classes;C:\Users\Asus\IdeaProjects\ticket-ordering\order-service\target\classes;D:\repo\org\springframework\boot\spring-boot-starter-data-jpa\3.1.5\spring-boot-starter-data-jpa-3.1.5.jar;D:\repo\org\springframework\boot\spring-boot-starter-aop\3.1.5\spring-boot-starter-aop-3.1.5.jar;D:\repo\org\springframework\spring-aop\6.0.13\spring-aop-6.0.13.jar;D:\repo\org\aspectj\aspectjweaver\1.9.20\aspectjweaver-1.9.20.jar;D:\repo\org\springframework\boot\spring-boot-starter-jdbc\3.1.5\spring-boot-starter-jdbc-3.1.5.jar;D:\repo\com\zaxxer\HikariCP\5.0.1\HikariCP-5.0.1.jar;D:\repo\org\springframework\spring-jdbc\6.0.13\spring-jdbc-6.0.13.jar;D:\repo\org\hibernate\orm\hibernate-core\6.2.13.Final\hibernate-core-6.2.13.Final.jar;D:\repo\jakarta\persistence\jakarta.persistence-api\3.1.0\jakarta.persistence-api-3.1.0.jar;D:\repo\jakarta\transaction\jakarta.transaction-api\2.0.1\jakarta.transaction-api-2.0.1.jar;D:\repo\org\jboss\logging\jboss-logging\3.5.3.Final\jboss-logging-3.5.3.Final.jar;D:\repo\org\hibernate\common\hibernate-commons-annotations\6.0.6.Final\hibernate-commons-annotations-6.0.6.Final.jar;D:\repo\io\smallrye\jandex\3.0.5\jandex-3.0.5.jar;D:\repo\com\fasterxml\classmate\1.5.1\classmate-1.5.1.jar;D:\repo\net\bytebuddy\byte-buddy\1.14.9\byte-buddy-1.14.9.jar;D:\repo\org\glassfish\jaxb\jaxb-runtime\4.0.3\jaxb-runtime-4.0.3.jar;D:\repo\org\glassfish\jaxb\jaxb-core\4.0.3\jaxb-core-4.0.3.jar;D:\repo\org\eclipse\angus\angus-activation\2.0.1\angus-activation-2.0.1.jar;D:\repo\org\glassfish\jaxb\txw2\4.0.3\txw2-4.0.3.jar;D:\repo\com\sun\istack\istack-commons-runtime\4.1.2\istack-commons-runtime-4.1.2.jar;D:\repo\jakarta\inject\jakarta.inject-api\2.0.1\jakarta.inject-api-2.0.1.jar;D:\repo\org\antlr\antlr4-runtime\4.10.1\antlr4-runtime-4.10.1.jar;D:\repo\org\springframework\data\spring-data-jpa\3.1.5\spring-data-jpa-3.1.5.jar;D:\repo\org\springframework\data\spring-data-commons\3.1.5\spring-data-commons-3.1.5.jar;D:\repo\org\springframework\spring-orm\6.0.13\spring-orm-6.0.13.jar;D:\repo\org\springframework\spring-context\6.0.13\spring-context-6.0.13.jar;D:\repo\org\springframework\spring-tx\6.0.13\spring-tx-6.0.13.jar;D:\repo\org\springframework\spring-beans\6.0.13\spring-beans-6.0.13.jar;D:\repo\jakarta\annotation\jakarta.annotation-api\2.1.1\jakarta.annotation-api-2.1.1.jar;D:\repo\org\slf4j\slf4j-api\2.0.9\slf4j-api-2.0.9.jar;D:\repo\org\springframework\spring-aspects\6.0.13\spring-aspects-6.0.13.jar;D:\repo\org\springframework\boot\spring-boot-starter-web\3.1.5\spring-boot-starter-web-3.1.5.jar;D:\repo\org\springframework\boot\spring-boot-starter\3.1.5\spring-boot-starter-3.1.5.jar;D:\repo\org\springframework\boot\spring-boot\3.1.5\spring-boot-3.1.5.jar;D:\repo\org\springframework\boot\spring-boot-autoconfigure\3.1.5\spring-boot-autoconfigure-3.1.5.jar;D:\repo\org\springframework\boot\spring-boot-starter-logging\3.1.5\spring-boot-starter-logging-3.1.5.jar;D:\repo\ch\qos\logback\logback-classic\1.4.11\logback-classic-1.4.11.jar;D:\repo\ch\qos\logback\logback-core\1.4.11\logback-core-1.4.11.jar;D:\repo\org\apache\logging\log4j\log4j-to-slf4j\2.20.0\log4j-to-slf4j-2.20.0.jar;D:\repo\org\apache\logging\log4j\log4j-api\2.20.0\log4j-api-2.20.0.jar;D:\repo\org\slf4j\jul-to-slf4j\2.0.9\jul-to-slf4j-2.0.9.jar;D:\repo\org\yaml\snakeyaml\1.33\snakeyaml-1.33.jar;D:\repo\org\springframework\boot\spring-boot-starter-json\3.1.5\spring-boot-starter-json-3.1.5.jar;D:\repo\com\fasterxml\jackson\datatype\jackson-datatype-jdk8\2.15.3\jackson-datatype-jdk8-2.15.3.jar;D:\repo\com\fasterxml\jackson\datatype\jackson-datatype-jsr310\2.15.3\jackson-datatype-jsr310-2.15.3.jar;D:\repo\com\fasterxml\jackson\module\jackson-module-parameter-names\2.15.3\jackson-module-parameter-names-2.15.3.jar;D:\repo\org\springframework\boot\spring-boot-starter-tomcat\3.1.5\spring-boot-starter-tomcat-3.1.5.jar;D:\repo\org\apache\tomcat\embed\tomcat-embed-core\10.1.15\tomcat-embed-core-10.1.15.jar;D:\repo\org\apache\tomcat\embed\tomcat-embed-el\10.1.15\tomcat-embed-el-10.1.15.jar;D:\repo\org\apache\tomcat\embed\tomcat-embed-websocket\10.1.15\tomcat-embed-websocket-10.1.15.jar;D:\repo\org\springframework\spring-web\6.0.13\spring-web-6.0.13.jar;D:\repo\io\micrometer\micrometer-observation\1.11.5\micrometer-observation-1.11.5.jar;D:\repo\io\micrometer\micrometer-commons\1.11.5\micrometer-commons-1.11.5.jar;D:\repo\org\springframework\spring-webmvc\6.0.13\spring-webmvc-6.0.13.jar;D:\repo\org\springframework\spring-expression\6.0.13\spring-expression-6.0.13.jar;D:\repo\org\springframework\cloud\spring-cloud-starter-config\4.0.3\spring-cloud-starter-config-4.0.3.jar;D:\repo\org\springframework\cloud\spring-cloud-starter\4.0.3\spring-cloud-starter-4.0.3.jar;D:\repo\org\springframework\cloud\spring-cloud-context\4.0.3\spring-cloud-context-4.0.3.jar;D:\repo\org\springframework\security\spring-security-crypto\6.1.5\spring-security-crypto-6.1.5.jar;D:\repo\org\springframework\cloud\spring-cloud-commons\4.0.3\spring-cloud-commons-4.0.3.jar;D:\repo\org\springframework\security\spring-security-rsa\1.0.11.RELEASE\spring-security-rsa-1.0.11.RELEASE.jar;D:\repo\org\bouncycastle\bcpkix-jdk15on\1.69\bcpkix-jdk15on-1.69.jar;D:\repo\org\bouncycastle\bcprov-jdk15on\1.69\bcprov-jdk15on-1.69.jar;D:\repo\org\bouncycastle\bcutil-jdk15on\1.69\bcutil-jdk15on-1.69.jar;D:\repo\org\springframework\cloud\spring-cloud-config-client\4.0.3\spring-cloud-config-client-4.0.3.jar;D:\repo\com\fasterxml\jackson\core\jackson-annotations\2.15.3\jackson-annotations-2.15.3.jar;D:\repo\org\apache\httpcomponents\client5\httpclient5\5.2.1\httpclient5-5.2.1.jar;D:\repo\org\apache\httpcomponents\core5\httpcore5\5.2.3\httpcore5-5.2.3.jar;D:\repo\org\apache\httpcomponents\core5\httpcore5-h2\5.2.3\httpcore5-h2-5.2.3.jar;D:\repo\com\fasterxml\jackson\core\jackson-databind\2.15.3\jackson-databind-2.15.3.jar;D:\repo\com\fasterxml\jackson\core\jackson-core\2.15.3\jackson-core-2.15.3.jar;D:\repo\org\springframework\cloud\spring-cloud-starter-bootstrap\4.0.3\spring-cloud-starter-bootstrap-4.0.3.jar;D:\repo\org\springframework\cloud\spring-cloud-starter-netflix-eureka-client\4.0.2\spring-cloud-starter-netflix-eureka-client-4.0.2.jar;D:\repo\org\springframework\cloud\spring-cloud-netflix-eureka-client\4.0.2\spring-cloud-netflix-eureka-client-4.0.2.jar;D:\repo\com\netflix\eureka\eureka-client\2.0.0\eureka-client-2.0.0.jar;D:\repo\com\netflix\netflix-commons\netflix-eventbus\0.3.0\netflix-eventbus-0.3.0.jar;D:\repo\com\netflix\netflix-commons\netflix-infix\0.3.0\netflix-infix-0.3.0.jar;D:\repo\commons-jxpath\commons-jxpath\1.3\commons-jxpath-1.3.jar;D:\repo\joda-time\joda-time\2.3\joda-time-2.3.jar;D:\repo\javax\servlet\servlet-api\2.5\servlet-api-2.5.jar;D:\repo\org\antlr\antlr-runtime\3.4\antlr-runtime-3.4.jar;D:\repo\org\antlr\stringtemplate\3.2.1\stringtemplate-3.2.1.jar;D:\repo\antlr\antlr\2.7.7\antlr-2.7.7.jar;D:\repo\com\google\code\gson\gson\2.10.1\gson-2.10.1.jar;D:\repo\org\apache\commons\commons-math\2.2\commons-math-2.2.jar;D:\repo\com\thoughtworks\xstream\xstream\1.4.19\xstream-1.4.19.jar;D:\repo\io\github\x-stream\mxparser\1.2.2\mxparser-1.2.2.jar;D:\repo\xmlpull\xmlpull\1.1.3.1\xmlpull-1.1.3.1.jar;D:\repo\com\netflix\archaius\archaius-core\0.7.6\archaius-core-0.7.6.jar;D:\repo\com\google\guava\guava\16.0\guava-16.0.jar;D:\repo\jakarta\ws\rs\jakarta.ws.rs-api\3.1.0\jakarta.ws.rs-api-3.1.0.jar;D:\repo\com\netflix\servo\servo-core\0.12.21\servo-core-0.12.21.jar;D:\repo\org\apache\httpcomponents\httpclient\4.5.3\httpclient-4.5.3.jar;D:\repo\org\apache\httpcomponents\httpcore\4.4.16\httpcore-4.4.16.jar;D:\repo\commons-logging\commons-logging\1.2\commons-logging-1.2.jar;D:\repo\commons-codec\commons-codec\1.15\commons-codec-1.15.jar;D:\repo\com\google\code\findbugs\jsr305\3.0.2\jsr305-3.0.2.jar;D:\repo\commons-configuration\commons-configuration\1.10\commons-configuration-1.10.jar;D:\repo\commons-lang\commons-lang\2.6\commons-lang-2.6.jar;D:\repo\com\github\vlsi\compactmap\compactmap\2.0\compactmap-2.0.jar;D:\repo\com\github\andrewoma\dexx\dexx-collections\0.2\dexx-collections-0.2.jar;D:\repo\org\codehaus\jettison\jettison\1.4.0\jettison-1.4.0.jar;D:\repo\com\netflix\eureka\eureka-core\2.0.0\eureka-core-2.0.0.jar;D:\repo\jakarta\servlet\jakarta.servlet-api\6.0.0\jakarta.servlet-api-6.0.0.jar;D:\repo\com\fasterxml\woodstox\woodstox-core\6.2.1\woodstox-core-6.2.1.jar;D:\repo\org\codehaus\woodstox\stax2-api\4.2.1\stax2-api-4.2.1.jar;D:\repo\org\springframework\cloud\spring-cloud-starter-loadbalancer\4.0.3\spring-cloud-starter-loadbalancer-4.0.3.jar;D:\repo\org\springframework\cloud\spring-cloud-loadbalancer\4.0.3\spring-cloud-loadbalancer-4.0.3.jar;D:\repo\io\projectreactor\reactor-core\3.5.11\reactor-core-3.5.11.jar;D:\repo\org\reactivestreams\reactive-streams\1.0.4\reactive-streams-1.0.4.jar;D:\repo\io\projectreactor\addons\reactor-extra\3.5.1\reactor-extra-3.5.1.jar;D:\repo\org\springframework\boot\spring-boot-starter-cache\3.1.5\spring-boot-starter-cache-3.1.5.jar;D:\repo\org\springframework\spring-context-support\6.0.13\spring-context-support-6.0.13.jar;D:\repo\com\stoyanr\evictor\1.0.0\evictor-1.0.0.jar;D:\repo\org\projectlombok\lombok\1.18.30\lombok-1.18.30.jar;D:\repo\org\springframework\boot\spring-boot-starter-test\3.1.5\spring-boot-starter-test-3.1.5.jar;D:\repo\org\springframework\boot\spring-boot-test\3.1.5\spring-boot-test-3.1.5.jar;D:\repo\org\springframework\boot\spring-boot-test-autoconfigure\3.1.5\spring-boot-test-autoconfigure-3.1.5.jar;D:\repo\com\jayway\jsonpath\json-path\2.8.0\json-path-2.8.0.jar;D:\repo\jakarta\xml\bind\jakarta.xml.bind-api\4.0.1\jakarta.xml.bind-api-4.0.1.jar;D:\repo\jakarta\activation\jakarta.activation-api\2.1.2\jakarta.activation-api-2.1.2.jar;D:\repo\net\minidev\json-smart\2.4.11\json-smart-2.4.11.jar;D:\repo\net\minidev\accessors-smart\2.4.11\accessors-smart-2.4.11.jar;D:\repo\org\ow2\asm\asm\9.3\asm-9.3.jar;D:\repo\org\assertj\assertj-core\3.24.2\assertj-core-3.24.2.jar;D:\repo\org\hamcrest\hamcrest\2.2\hamcrest-2.2.jar;D:\repo\org\junit\jupiter\junit-jupiter\5.9.3\junit-jupiter-5.9.3.jar;D:\repo\org\junit\jupiter\junit-jupiter-api\5.9.3\junit-jupiter-api-5.9.3.jar;D:\repo\org\opentest4j\opentest4j\1.2.0\opentest4j-1.2.0.jar;D:\repo\org\junit\platform\junit-platform-commons\1.9.3\junit-platform-commons-1.9.3.jar;D:\repo\org\apiguardian\apiguardian-api\1.1.2\apiguardian-api-1.1.2.jar;D:\repo\org\junit\jupiter\junit-jupiter-params\5.9.3\junit-jupiter-params-5.9.3.jar;D:\repo\org\junit\jupiter\junit-jupiter-engine\5.9.3\junit-jupiter-engine-5.9.3.jar;D:\repo\org\junit\platform\junit-platform-engine\1.9.3\junit-platform-engine-1.9.3.jar;D:\repo\org\mockito\mockito-core\5.3.1\mockito-core-5.3.1.jar;D:\repo\net\bytebuddy\byte-buddy-agent\1.14.9\byte-buddy-agent-1.14.9.jar;D:\repo\org\objenesis\objenesis\3.3\objenesis-3.3.jar;D:\repo\org\mockito\mockito-junit-jupiter\5.3.1\mockito-junit-jupiter-5.3.1.jar;D:\repo\org\skyscreamer\jsonassert\1.5.1\jsonassert-1.5.1.jar;D:\repo\com\vaadin\external\google\android-json\0.0.20131108.vaadin1\android-json-0.0.20131108.vaadin1.jar;D:\repo\org\springframework\spring-core\6.0.13\spring-core-6.0.13.jar;D:\repo\org\springframework\spring-jcl\6.0.13\spring-jcl-6.0.13.jar;D:\repo\org\springframework\spring-test\6.0.13\spring-test-6.0.13.jar;D:\repo\org\xmlunit\xmlunit-core\2.9.1\xmlunit-core-2.9.1.jar;D:\repo\org\postgresql\postgresql\42.6.0\postgresql-42.6.0.jar;D:\repo\org\checkerframework\checker-qual\3.31.0\checker-qual-3.31.0.jar;D:\repo\io\jsonwebtoken\jjwt-api\0.11.5\jjwt-api-0.11.5.jar;D:\repo\io\jsonwebtoken\jjwt-impl\0.11.5\jjwt-impl-0.11.5.jar;"/>
    <property name="java.vm.vendor" value="Oracle Corporation"/>
    <property name="sun.arch.data.model" value="64"/>
    <property name="user.variant" value=""/>
    <property name="java.vendor.url" value="https://java.oracle.com/"/>
    <property name="user.timezone" value="Europe/Moscow"/>
    <property name="org.jboss.logging.provider" value="slf4j"/>
    <property name="os.name" value="Windows 10"/>
    <property name="java.vm.specification.version" value="19"/>
    <property name="sun.java.launcher" value="SUN_STANDARD"/>
    <property name="user.country" value="RU"/>
    <property name="sun.boot.library.path" value="C:\Users\Asus\.jdks\openjdk-19.0.1\bin"/>
    <property name="sun.java.command" value="C:\Users\Asus\AppData\Local\Temp\surefire10531131670378612979\surefirebooter-20231030102706459_3.jar C:\Users\Asus\AppData\Local\Temp\surefire10531131670378612979 2023-10-30T10-27-04_999-jvmRun1 surefire-20231030102706459_1tmp surefire_0-20231030102706459_2tmp"/>
    <property name="jdk.debug" value="release"/>
    <property name="surefire.test.class.path" value="C:\Users\Asus\IdeaProjects\ticket-ordering\order-service\target\test-classes;C:\Users\Asus\IdeaProjects\ticket-ordering\order-service\target\classes;D:\repo\org\springframework\boot\spring-boot-starter-data-jpa\3.1.5\spring-boot-starter-data-jpa-3.1.5.jar;D:\repo\org\springframework\boot\spring-boot-starter-aop\3.1.5\spring-boot-starter-aop-3.1.5.jar;D:\repo\org\springframework\spring-aop\6.0.13\spring-aop-6.0.13.jar;D:\repo\org\aspectj\aspectjweaver\1.9.20\aspectjweaver-1.9.20.jar;D:\repo\org\springframework\boot\spring-boot-starter-jdbc\3.1.5\spring-boot-starter-jdbc-3.1.5.jar;D:\repo\com\zaxxer\HikariCP\5.0.1\HikariCP-5.0.1.jar;D:\repo\org\springframework\spring-jdbc\6.0.13\spring-jdbc-6.0.13.jar;D:\repo\org\hibernate\orm\hibernate-core\6.2.13.Final\hibernate-core-6.2.13.Final.jar;D:\repo\jakarta\persistence\jakarta.persistence-api\3.1.0\jakarta.persistence-api-3.1.0.jar;D:\repo\jakarta\transaction\jakarta.transaction-api\2.0.1\jakarta.transaction-api-2.0.1.jar;D:\repo\org\jboss\logging\jboss-logging\3.5.3.Final\jboss-logging-3.5.3.Final.jar;D:\repo\org\hibernate\common\hibernate-commons-annotations\6.0.6.Final\hibernate-commons-annotations-6.0.6.Final.jar;D:\repo\io\smallrye\jandex\3.0.5\jandex-3.0.5.jar;D:\repo\com\fasterxml\classmate\1.5.1\classmate-1.5.1.jar;D:\repo\net\bytebuddy\byte-buddy\1.14.9\byte-buddy-1.14.9.jar;D:\repo\org\glassfish\jaxb\jaxb-runtime\4.0.3\jaxb-runtime-4.0.3.jar;D:\repo\org\glassfish\jaxb\jaxb-core\4.0.3\jaxb-core-4.0.3.jar;D:\repo\org\eclipse\angus\angus-activation\2.0.1\angus-activation-2.0.1.jar;D:\repo\org\glassfish\jaxb\txw2\4.0.3\txw2-4.0.3.jar;D:\repo\com\sun\istack\istack-commons-runtime\4.1.2\istack-commons-runtime-4.1.2.jar;D:\repo\jakarta\inject\jakarta.inject-api\2.0.1\jakarta.inject-api-2.0.1.jar;D:\repo\org\antlr\antlr4-runtime\4.10.1\antlr4-runtime-4.10.1.jar;D:\repo\org\springframework\data\spring-data-jpa\3.1.5\spring-data-jpa-3.1.5.jar;D:\repo\org\springframework\data\spring-data-commons\3.1.5\spring-data-commons-3.1.5.jar;D:\repo\org\springframework\spring-orm\6.0.13\spring-orm-6.0.13.jar;D:\repo\org\springframework\spring-context\6.0.13\spring-context-6.0.13.jar;D:\repo\org\springframework\spring-tx\6.0.13\spring-tx-6.0.13.jar;D:\repo\org\springframework\spring-beans\6.0.13\spring-beans-6.0.13.jar;D:\repo\jakarta\annotation\jakarta.annotation-api\2.1.1\jakarta.annotation-api-2.1.1.jar;D:\repo\org\slf4j\slf4j-api\2.0.9\slf4j-api-2.0.9.jar;D:\repo\org\springframework\spring-aspects\6.0.13\spring-aspects-6.0.13.jar;D:\repo\org\springframework\boot\spring-boot-starter-web\3.1.5\spring-boot-starter-web-3.1.5.jar;D:\repo\org\springframework\boot\spring-boot-starter\3.1.5\spring-boot-starter-3.1.5.jar;D:\repo\org\springframework\boot\spring-boot\3.1.5\spring-boot-3.1.5.jar;D:\repo\org\springframework\boot\spring-boot-autoconfigure\3.1.5\spring-boot-autoconfigure-3.1.5.jar;D:\repo\org\springframework\boot\spring-boot-starter-logging\3.1.5\spring-boot-starter-logging-3.1.5.jar;D:\repo\ch\qos\logback\logback-classic\1.4.11\logback-classic-1.4.11.jar;D:\repo\ch\qos\logback\logback-core\1.4.11\logback-core-1.4.11.jar;D:\repo\org\apache\logging\log4j\log4j-to-slf4j\2.20.0\log4j-to-slf4j-2.20.0.jar;D:\repo\org\apache\logging\log4j\log4j-api\2.20.0\log4j-api-2.20.0.jar;D:\repo\org\slf4j\jul-to-slf4j\2.0.9\jul-to-slf4j-2.0.9.jar;D:\repo\org\yaml\snakeyaml\1.33\snakeyaml-1.33.jar;D:\repo\org\springframework\boot\spring-boot-starter-json\3.1.5\spring-boot-starter-json-3.1.5.jar;D:\repo\com\fasterxml\jackson\datatype\jackson-datatype-jdk8\2.15.3\jackson-datatype-jdk8-2.15.3.jar;D:\repo\com\fasterxml\jackson\datatype\jackson-datatype-jsr310\2.15.3\jackson-datatype-jsr310-2.15.3.jar;D:\repo\com\fasterxml\jackson\module\jackson-module-parameter-names\2.15.3\jackson-module-parameter-names-2.15.3.jar;D:\repo\org\springframework\boot\spring-boot-starter-tomcat\3.1.5\spring-boot-starter-tomcat-3.1.5.jar;D:\repo\org\apache\tomcat\embed\tomcat-embed-core\10.1.15\tomcat-embed-core-10.1.15.jar;D:\repo\org\apache\tomcat\embed\tomcat-embed-el\10.1.15\tomcat-embed-el-10.1.15.jar;D:\repo\org\apache\tomcat\embed\tomcat-embed-websocket\10.1.15\tomcat-embed-websocket-10.1.15.jar;D:\repo\org\springframework\spring-web\6.0.13\spring-web-6.0.13.jar;D:\repo\io\micrometer\micrometer-observation\1.11.5\micrometer-observation-1.11.5.jar;D:\repo\io\micrometer\micrometer-commons\1.11.5\micrometer-commons-1.11.5.jar;D:\repo\org\springframework\spring-webmvc\6.0.13\spring-webmvc-6.0.13.jar;D:\repo\org\springframework\spring-expression\6.0.13\spring-expression-6.0.13.jar;D:\repo\org\springframework\cloud\spring-cloud-starter-config\4.0.3\spring-cloud-starter-config-4.0.3.jar;D:\repo\org\springframework\cloud\spring-cloud-starter\4.0.3\spring-cloud-starter-4.0.3.jar;D:\repo\org\springframework\cloud\spring-cloud-context\4.0.3\spring-cloud-context-4.0.3.jar;D:\repo\org\springframework\security\spring-security-crypto\6.1.5\spring-security-crypto-6.1.5.jar;D:\repo\org\springframework\cloud\spring-cloud-commons\4.0.3\spring-cloud-commons-4.0.3.jar;D:\repo\org\springframework\security\spring-security-rsa\1.0.11.RELEASE\spring-security-rsa-1.0.11.RELEASE.jar;D:\repo\org\bouncycastle\bcpkix-jdk15on\1.69\bcpkix-jdk15on-1.69.jar;D:\repo\org\bouncycastle\bcprov-jdk15on\1.69\bcprov-jdk15on-1.69.jar;D:\repo\org\bouncycastle\bcutil-jdk15on\1.69\bcutil-jdk15on-1.69.jar;D:\repo\org\springframework\cloud\spring-cloud-config-client\4.0.3\spring-cloud-config-client-4.0.3.jar;D:\repo\com\fasterxml\jackson\core\jackson-annotations\2.15.3\jackson-annotations-2.15.3.jar;D:\repo\org\apache\httpcomponents\client5\httpclient5\5.2.1\httpclient5-5.2.1.jar;D:\repo\org\apache\httpcomponents\core5\httpcore5\5.2.3\httpcore5-5.2.3.jar;D:\repo\org\apache\httpcomponents\core5\httpcore5-h2\5.2.3\httpcore5-h2-5.2.3.jar;D:\repo\com\fasterxml\jackson\core\jackson-databind\2.15.3\jackson-databind-2.15.3.jar;D:\repo\com\fasterxml\jackson\core\jackson-core\2.15.3\jackson-core-2.15.3.jar;D:\repo\org\springframework\cloud\spring-cloud-starter-bootstrap\4.0.3\spring-cloud-starter-bootstrap-4.0.3.jar;D:\repo\org\springframework\cloud\spring-cloud-starter-netflix-eureka-client\4.0.2\spring-cloud-starter-netflix-eureka-client-4.0.2.jar;D:\repo\org\springframework\cloud\spring-cloud-netflix-eureka-client\4.0.2\spring-cloud-netflix-eureka-client-4.0.2.jar;D:\repo\com\netflix\eureka\eureka-client\2.0.0\eureka-client-2.0.0.jar;D:\repo\com\netflix\netflix-commons\netflix-eventbus\0.3.0\netflix-eventbus-0.3.0.jar;D:\repo\com\netflix\netflix-commons\netflix-infix\0.3.0\netflix-infix-0.3.0.jar;D:\repo\commons-jxpath\commons-jxpath\1.3\commons-jxpath-1.3.jar;D:\repo\joda-time\joda-time\2.3\joda-time-2.3.jar;D:\repo\javax\servlet\servlet-api\2.5\servlet-api-2.5.jar;D:\repo\org\antlr\antlr-runtime\3.4\antlr-runtime-3.4.jar;D:\repo\org\antlr\stringtemplate\3.2.1\stringtemplate-3.2.1.jar;D:\repo\antlr\antlr\2.7.7\antlr-2.7.7.jar;D:\repo\com\google\code\gson\gson\2.10.1\gson-2.10.1.jar;D:\repo\org\apache\commons\commons-math\2.2\commons-math-2.2.jar;D:\repo\com\thoughtworks\xstream\xstream\1.4.19\xstream-1.4.19.jar;D:\repo\io\github\x-stream\mxparser\1.2.2\mxparser-1.2.2.jar;D:\repo\xmlpull\xmlpull\1.1.3.1\xmlpull-1.1.3.1.jar;D:\repo\com\netflix\archaius\archaius-core\0.7.6\archaius-core-0.7.6.jar;D:\repo\com\google\guava\guava\16.0\guava-16.0.jar;D:\repo\jakarta\ws\rs\jakarta.ws.rs-api\3.1.0\jakarta.ws.rs-api-3.1.0.jar;D:\repo\com\netflix\servo\servo-core\0.12.21\servo-core-0.12.21.jar;D:\repo\org\apache\httpcomponents\httpclient\4.5.3\httpclient-4.5.3.jar;D:\repo\org\apache\httpcomponents\httpcore\4.4.16\httpcore-4.4.16.jar;D:\repo\commons-logging\commons-logging\1.2\commons-logging-1.2.jar;D:\repo\commons-codec\commons-codec\1.15\commons-codec-1.15.jar;D:\repo\com\google\code\findbugs\jsr305\3.0.2\jsr305-3.0.2.jar;D:\repo\commons-configuration\commons-configuration\1.10\commons-configuration-1.10.jar;D:\repo\commons-lang\commons-lang\2.6\commons-lang-2.6.jar;D:\repo\com\github\vlsi\compactmap\compactmap\2.0\compactmap-2.0.jar;D:\repo\com\github\andrewoma\dexx\dexx-collections\0.2\dexx-collections-0.2.jar;D:\repo\org\codehaus\jettison\jettison\1.4.0\jettison-1.4.0.jar;D:\repo\com\netflix\eureka\eureka-core\2.0.0\eureka-core-2.0.0.jar;D:\repo\jakarta\servlet\jakarta.servlet-api\6.0.0\jakarta.servlet-api-6.0.0.jar;D:\repo\com\fasterxml\woodstox\woodstox-core\6.2.1\woodstox-core-6.2.1.jar;D:\repo\org\codehaus\woodstox\stax2-api\4.2.1\stax2-api-4.2.1.jar;D:\repo\org\springframework\cloud\spring-cloud-starter-loadbalancer\4.0.3\spring-cloud-starter-loadbalancer-4.0.3.jar;D:\repo\org\springframework\cloud\spring-cloud-loadbalancer\4.0.3\spring-cloud-loadbalancer-4.0.3.jar;D:\repo\io\projectreactor\reactor-core\3.5.11\reactor-core-3.5.11.jar;D:\repo\org\reactivestreams\reactive-streams\1.0.4\reactive-streams-1.0.4.jar;D:\repo\io\projectreactor\addons\reactor-extra\3.5.1\reactor-extra-3.5.1.jar;D:\repo\org\springframework\boot\spring-boot-starter-cache\3.1.5\spring-boot-starter-cache-3.1.5.jar;D:\repo\org\springframework\spring-context-support\6.0.13\spring-context-support-6.0.13.jar;D:\repo\com\stoyanr\evictor\1.0.0\evictor-1.0.0.jar;D:\repo\org\projectlombok\lombok\1.18.30\lombok-1.18.30.jar;D:\repo\org\springframework\boot\spring-boot-starter-test\3.1.5\spring-boot-starter-test-3.1.5.jar;D:\repo\org\springframework\boot\spring-boot-test\3.1.5\spring-boot-test-3.1.5.jar;D:\repo\org\springframework\boot\spring-boot-test-autoconfigure\3.1.5\spring-boot-test-autoconfigure-3.1.5.jar;D:\repo\com\jayway\jsonpath\json-path\2.8.0\json-path-2.8.0.jar;D:\repo\jakarta\xml\bind\jakarta.xml.bind-api\4.0.1\jakarta.xml.bind-api-4.0.1.jar;D:\repo\jakarta\activation\jakarta.activation-api\2.1.2\jakarta.activation-api-2.1.2.jar;D:\repo\net\minidev\json-smart\2.4.11\json-smart-2.4.11.jar;D:\repo\net\minidev\accessors-smart\2.4.11\accessors-smart-2.4.11.jar;D:\repo\org\ow2\asm\asm\9.3\asm-9.3.jar;D:\repo\org\assertj\assertj-core\3.24.2\assertj-core-3.24.2.jar;D:\repo\org\hamcrest\hamcrest\2.2\hamcrest-2.2.jar;D:\repo\org\junit\jupiter\junit-jupiter\5.9.3\junit-jupiter-5.9.3.jar;D:\repo\org\junit\jupiter\junit-jupiter-api\5.9.3\junit-jupiter-api-5.9.3.jar;D:\repo\org\opentest4j\opentest4j\1.2.0\opentest4j-1.2.0.jar;D:\repo\org\junit\platform\junit-platform-commons\1.9.3\junit-platform-commons-1.9.3.jar;D:\repo\org\apiguardian\apiguardian-api\1.1.2\apiguardian-api-1.1.2.jar;D:\repo\org\junit\jupiter\junit-jupiter-params\5.9.3\junit-jupiter-params-5.9.3.jar;D:\repo\org\junit\jupiter\junit-jupiter-engine\5.9.3\junit-jupiter-engine-5.9.3.jar;D:\repo\org\junit\platform\junit-platform-engine\1.9.3\junit-platform-engine-1.9.3.jar;D:\repo\org\mockito\mockito-core\5.3.1\mockito-core-5.3.1.jar;D:\repo\net\bytebuddy\byte-buddy-agent\1.14.9\byte-buddy-agent-1.14.9.jar;D:\repo\org\objenesis\objenesis\3.3\objenesis-3.3.jar;D:\repo\org\mockito\mockito-junit-jupiter\5.3.1\mockito-junit-jupiter-5.3.1.jar;D:\repo\org\skyscreamer\jsonassert\1.5.1\jsonassert-1.5.1.jar;D:\repo\com\vaadin\external\google\android-json\0.0.20131108.vaadin1\android-json-0.0.20131108.vaadin1.jar;D:\repo\org\springframework\spring-core\6.0.13\spring-core-6.0.13.jar;D:\repo\org\springframework\spring-jcl\6.0.13\spring-jcl-6.0.13.jar;D:\repo\org\springframework\spring-test\6.0.13\spring-test-6.0.13.jar;D:\repo\org\xmlunit\xmlunit-core\2.9.1\xmlunit-core-2.9.1.jar;D:\repo\org\postgresql\postgresql\42.6.0\postgresql-42.6.0.jar;D:\repo\org\checkerframework\checker-qual\3.31.0\checker-qual-3.31.0.jar;D:\repo\io\jsonwebtoken\jjwt-api\0.11.5\jjwt-api-0.11.5.jar;D:\repo\io\jsonwebtoken\jjwt-impl\0.11.5\jjwt-impl-0.11.5.jar;"/>
    <property name="sun.cpu.endian" value="little"/>
    <property name="user.home" value="C:\Users\Asus"/>
    <property name="user.language" value="ru"/>
    <property name="java.specification.vendor" value="Oracle Corporation"/>
    <property name="java.version.date" value="2022-10-18"/>
    <property name="java.home" value="C:\Users\Asus\.jdks\openjdk-19.0.1"/>
    <property name="file.separator" value="\"/>
    <property name="basedir" value="C:\Users\Asus\IdeaProjects\ticket-ordering\order-service"/>
    <property name="java.vm.compressedOopsMode" value="Zero based"/>
    <property name="line.separator" value="&#10;"/>
    <property name="java.vm.specification.vendor" value="Oracle Corporation"/>
    <property name="java.specification.name" value="Java Platform API Specification"/>
    <property name="FILE_LOG_CHARSET" value="UTF-8"/>
    <property name="java.awt.headless" value="true"/>
    <property name="surefire.real.class.path" value="C:\Users\Asus\AppData\Local\Temp\surefire10531131670378612979\surefirebooter-20231030102706459_3.jar"/>
    <property name="user.script" value=""/>
    <property name="sun.management.compiler" value="HotSpot 64-Bit Tiered Compilers"/>
    <property name="java.runtime.version" value="19.0.1+10-21"/>
    <property name="user.name" value="Asus"/>
    <property name="stdout.encoding" value="Cp1251"/>
    <property name="path.separator" value=";"/>
    <property name="os.version" value="10.0"/>
    <property name="java.runtime.name" value="OpenJDK Runtime Environment"/>
    <property name="file.encoding" value="UTF-8"/>
    <property name="java.vm.name" value="OpenJDK 64-Bit Server VM"/>
    <property name="localRepository" value="D:\repo"/>
    <property name="java.vendor.url.bug" value="https://bugreport.java.com/bugreport/"/>
    <property name="java.io.tmpdir" value="C:\Users\Asus\AppData\Local\Temp\"/>
    <property name="com.zaxxer.hikari.pool_number" value="1"/>
    <property name="java.version" value="19.0.1"/>
    <property name="user.dir" value="C:\Users\Asus\IdeaProjects\ticket-ordering\order-service"/>
    <property name="os.arch" value="amd64"/>
    <property name="java.vm.specification.name" value="Java Virtual Machine Specification"/>
    <property name="PID" value="16080"/>
    <property name="sun.os.patch.level" value=""/>
    <property name="CONSOLE_LOG_CHARSET" value="UTF-8"/>
    <property name="native.encoding" value="Cp1251"/>
    <property name="java.library.path" value="C:\Users\Asus\.jdks\openjdk-19.0.1\bin;C:\Windows\Sun\Java\bin;C:\Windows\system32;C:\Windows;C:\Windows\system32;C:\Windows;C:\Windows\System32\Wbem;C:\Windows\System32\WindowsPowerShell\v1.0\;C:\Windows\System32\OpenSSH\;C:\Program Files\Git\cmd;C:\Program Files\nodejs\;C:\Users\Asus\.jdks\openjdk-19.0.1\bin;D:\apache-maven-3.8.6\bin;C:\Users\Asus\AppData\Local\Android\Sdk\build-tools\33.0.2\lld-bin;C:\Users\Asus\AppData\Local\Android\Sdk\platform-tools;C:\Program Files (x86)\NoteBook FanControl\;D:\runtime\win64;D:\bin;D:\polyspace\bin;C:\Program Files\Docker\Docker\resources\bin;D:\apache-maven-3.8.6\bin;C:\Program Files\dotnet\;C:\Program Files\MySQL\MySQL Shell 8.0\bin\;C:\Users\Asus\AppData\Local\Microsoft\WindowsApps;C:\Users\Asus\AppData\Local\GitHubDesktop\bin;C:\Users\Asus\AppData\Local\Programs\Microsoft VS Code\bin;C:\Users\Asus\AppData\Roaming\npm;C:\Users\Asus\.dotnet\tools;."/>
    <property name="java.vm.info" value="mixed mode, sharing"/>
    <property name="stderr.encoding" value="Cp1251"/>
    <property name="java.vendor" value="Oracle Corporation"/>
    <property name="java.vm.version" value="19.0.1+10-21"/>
    <property name="sun.io.unicode.encoding" value="UnicodeLittle"/>
    <property name="java.class.version" value="63.0"/>
  </properties>
  <testcase name="contextLoads" classname="com.example.orderservice.OrderServiceApplicationTests" time="0.571">
    <system-out><![CDATA[Standard Commons Logging discovery in action with spring-jcl: please remove commons-logging.jar from classpath in order to avoid potential conflicts
10:27:07.878 [main] INFO org.springframework.test.context.support.AnnotationConfigContextLoaderUtils -- Could not detect default configuration classes for test class [com.example.orderservice.OrderServiceApplicationTests]: OrderServiceApplicationTests does not declare any static, non-private, non-final, nested classes annotated with @Configuration.
10:27:08.047 [main] INFO org.springframework.boot.test.context.SpringBootTestContextBootstrapper -- Found @SpringBootConfiguration com.example.orderservice.OrderServiceApplication for test class com.example.orderservice.OrderServiceApplicationTests

  .   ____          _            __ _ _
 /\\ / ___'_ __ _ _(_)_ __  __ _ \ \ \ \
( ( )\___ | '_ | '_| | '_ \/ _` | \ \ \ \
 \\/  ___)| |_)| | | | | || (_| |  ) ) ) )
  '  |____| .__|_| |_|_| |_\__, | / / / /
 =========|_|==============|___/=/_/_/_/
 :: Spring Boot ::                (v3.1.5)

2023-10-30T10:27:09.478+03:00  INFO 16080 --- [           main] c.c.c.ConfigServicePropertySourceLocator : Fetching config from server at : http://localhost:8888
2023-10-30T10:27:09.633+03:00  INFO 16080 --- [           main] c.c.c.ConfigServicePropertySourceLocator : Located environment: name=common, profiles=[default], label=default, version=null, state=null
2023-10-30T10:27:09.636+03:00  INFO 16080 --- [           main] b.c.PropertySourceBootstrapConfiguration : Located property source: [BootstrapPropertySource {name='bootstrapProperties-configClient'}, BootstrapPropertySource {name='bootstrapProperties-classpath:/config/common.yml'}]
2023-10-30T10:27:09.650+03:00  INFO 16080 --- [           main] c.e.o.OrderServiceApplicationTests       : No active profile set, falling back to 1 default profile: "default"
2023-10-30T10:27:10.397+03:00  INFO 16080 --- [           main] .s.d.r.c.RepositoryConfigurationDelegate : Bootstrapping Spring Data JPA repositories in DEFAULT mode.
2023-10-30T10:27:10.567+03:00  INFO 16080 --- [           main] .s.d.r.c.RepositoryConfigurationDelegate : Finished Spring Data repository scanning in 165 ms. Found 1 JPA repository interfaces.
2023-10-30T10:27:10.897+03:00  INFO 16080 --- [           main] o.s.cloud.context.scope.GenericScope     : BeanFactory id=128fe2c9-be9c-3900-890a-4eab1cfea91a
2023-10-30T10:27:11.147+03:00  INFO 16080 --- [           main] com.zaxxer.hikari.HikariDataSource       : HikariPool-1 - Starting...
2023-10-30T10:27:11.468+03:00  INFO 16080 --- [           main] com.zaxxer.hikari.pool.HikariPool        : HikariPool-1 - Added connection org.postgresql.jdbc.PgConnection@6e0d16a4
2023-10-30T10:27:11.470+03:00  INFO 16080 --- [           main] com.zaxxer.hikari.HikariDataSource       : HikariPool-1 - Start completed.
2023-10-30T10:27:11.527+03:00  INFO 16080 --- [           main] o.hibernate.jpa.internal.util.LogHelper  : HHH000204: Processing PersistenceUnitInfo [name: default]
2023-10-30T10:27:11.603+03:00  INFO 16080 --- [           main] org.hibernate.Version                    : HHH000412: Hibernate ORM core version 6.2.13.Final
2023-10-30T10:27:11.605+03:00  INFO 16080 --- [           main] org.hibernate.cfg.Environment            : HHH000406: Using bytecode reflection optimizer
2023-10-30T10:27:12.006+03:00  INFO 16080 --- [           main] o.s.o.j.p.SpringPersistenceUnitInfo      : No LoadTimeWeaver setup: ignoring JPA class transformer
2023-10-30T10:27:12.067+03:00  WARN 16080 --- [           main] org.hibernate.orm.deprecation            : HHH90000025: PostgreSQLDialect does not need to be specified explicitly using 'hibernate.dialect' (remove the property setting and it will be selected by default)
2023-10-30T10:27:12.977+03:00  INFO 16080 --- [           main] o.h.e.t.j.p.i.JtaPlatformInitiator       : HHH000489: No JTA platform available (set 'hibernate.transaction.jta.platform' to enable JTA platform integration)
2023-10-30T10:27:12.977+03:00  INFO 16080 --- [           main] j.LocalContainerEntityManagerFactoryBean : Initialized JPA EntityManagerFactory for persistence unit 'default'
2023-10-30T10:27:13.277+03:00  INFO 16080 --- [           main] o.s.d.j.r.query.QueryEnhancerFactory     : Hibernate is in classpath; If applicable, HQL parser will be used.
2023-10-30T10:27:14.077+03:00  WARN 16080 --- [           main] JpaBaseConfiguration$JpaWebConfiguration : spring.jpa.open-in-view is enabled by default. Therefore, database queries may be performed during view rendering. Explicitly configure spring.jpa.open-in-view to disable this warning
2023-10-30T10:27:14.759+03:00  INFO 16080 --- [           main] DiscoveryClientOptionalArgsConfiguration : Eureka HTTP Client uses RestTemplate.
2023-10-30T10:27:14.975+03:00  WARN 16080 --- [           main] iguration$LoadBalancerCaffeineWarnLogger : Spring Cloud LoadBalancer is currently working with the default cache. While this cache implementation is useful for development and tests, it's recommended to use Caffeine cache in production.You can switch to using Caffeine cache, by adding it and org.springframework.cache.caffeine.CaffeineCacheManager to the classpath.
2023-10-30T10:27:15.002+03:00  INFO 16080 --- [           main] c.e.o.OrderServiceApplicationTests       : Started OrderServiceApplicationTests in 6.763 seconds (process running for 8.4)
]]></system-out>
  </testcase>
</testsuite>